<?xml version="1.0" encoding="UTF-8"?>
<testsuite xmlns:xsi="http://www.w3.org/2001/XMLSchema-instance" xsi:noNamespaceSchemaLocation="https://maven.apache.org/surefire/maven-surefire-plugin/xsd/surefire-test-report-3.0.xsd" version="3.0" name="org.sakaiproject.hibernate.HibernateCriterionUtilsTest" time="0.06" tests="1" errors="0" skipped="0" failures="0">
  <properties>
    <property name="awt.toolkit" value="sun.awt.X11.XToolkit"/>
    <property name="java.specification.version" value="1.8"/>
    <property name="file.encoding.pkg" value="sun.io"/>
    <property name="sun.cpu.isalist" value=""/>
    <property name="sun.jnu.encoding" value="UTF-8"/>
    <property name="java.class.path" value="/home/ibailarralde/Desktop/sakai/kernel/kernel-private/target/test-classes:/home/ibailarralde/Desktop/sakai/kernel/kernel-private/target/classes:/home/ibailarralde/.m2/repository/org/hibernate/hibernate-core/4.3.11.Final/hibernate-core-4.3.11.Final.jar:/home/ibailarralde/.m2/repository/org/jboss/logging/jboss-logging/3.4.0.Final/jboss-logging-3.4.0.Final.jar:/home/ibailarralde/.m2/repository/org/jboss/logging/jboss-logging-annotations/2.2.0.Final/jboss-logging-annotations-2.2.0.Final.jar:/home/ibailarralde/.m2/repository/org/jboss/spec/javax/transaction/jboss-transaction-api_1.2_spec/1.0.0.Final/jboss-transaction-api_1.2_spec-1.0.0.Final.jar:/home/ibailarralde/.m2/repository/dom4j/dom4j/1.6.1/dom4j-1.6.1.jar:/home/ibailarralde/.m2/repository/xml-apis/xml-apis/1.4.01/xml-apis-1.4.01.jar:/home/ibailarralde/.m2/repository/org/hibernate/common/hibernate-commons-annotations/4.0.5.Final/hibernate-commons-annotations-4.0.5.Final.jar:/home/ibailarralde/.m2/repository/org/hibernate/javax/persistence/hibernate-jpa-2.1-api/1.0.2.Final/hibernate-jpa-2.1-api-1.0.2.Final.jar:/home/ibailarralde/.m2/repository/org/javassist/javassist/3.25.0-GA/javassist-3.25.0-GA.jar:/home/ibailarralde/.m2/repository/antlr/antlr/2.7.7/antlr-2.7.7.jar:/home/ibailarralde/.m2/repository/org/jboss/jandex/2.1.1.Final/jandex-2.1.1.Final.jar:/home/ibailarralde/.m2/repository/org/hibernate/hibernate-entitymanager/4.3.11.Final/hibernate-entitymanager-4.3.11.Final.jar:/home/ibailarralde/.m2/repository/org/hibernate/hibernate-ehcache/4.3.11.Final/hibernate-ehcache-4.3.11.Final.jar:/home/ibailarralde/.m2/repository/org/springframework/spring-core/4.3.25.RELEASE/spring-core-4.3.25.RELEASE.jar:/home/ibailarralde/.m2/repository/commons-logging/commons-logging/1.2/commons-logging-1.2.jar:/home/ibailarralde/.m2/repository/org/springframework/spring-aop/4.3.25.RELEASE/spring-aop-4.3.25.RELEASE.jar:/home/ibailarralde/.m2/repository/org/springframework/spring-beans/4.3.25.RELEASE/spring-beans-4.3.25.RELEASE.jar:/home/ibailarralde/.m2/repository/org/springframework/spring-context/4.3.25.RELEASE/spring-context-4.3.25.RELEASE.jar:/home/ibailarralde/.m2/repository/org/springframework/spring-expression/4.3.25.RELEASE/spring-expression-4.3.25.RELEASE.jar:/home/ibailarralde/.m2/repository/org/springframework/spring-orm/4.3.25.RELEASE/spring-orm-4.3.25.RELEASE.jar:/home/ibailarralde/.m2/repository/org/springframework/spring-jdbc/4.3.25.RELEASE/spring-jdbc-4.3.25.RELEASE.jar:/home/ibailarralde/.m2/repository/org/springframework/spring-tx/4.3.25.RELEASE/spring-tx-4.3.25.RELEASE.jar:/home/ibailarralde/.m2/repository/com/fasterxml/jackson/core/jackson-core/2.10.1/jackson-core-2.10.1.jar:/home/ibailarralde/.m2/repository/com/fasterxml/jackson/core/jackson-databind/2.10.1/jackson-databind-2.10.1.jar:/home/ibailarralde/.m2/repository/com/fasterxml/jackson/core/jackson-annotations/2.10.1/jackson-annotations-2.10.1.jar:/home/ibailarralde/.m2/repository/com/fasterxml/jackson/dataformat/jackson-dataformat-xml/2.10.1/jackson-dataformat-xml-2.10.1.jar:/home/ibailarralde/.m2/repository/com/fasterxml/jackson/module/jackson-module-jaxb-annotations/2.10.1/jackson-module-jaxb-annotations-2.10.1.jar:/home/ibailarralde/.m2/repository/jakarta/xml/bind/jakarta.xml.bind-api/2.3.2/jakarta.xml.bind-api-2.3.2.jar:/home/ibailarralde/.m2/repository/jakarta/activation/jakarta.activation-api/1.2.1/jakarta.activation-api-1.2.1.jar:/home/ibailarralde/.m2/repository/org/codehaus/woodstox/stax2-api/4.2/stax2-api-4.2.jar:/home/ibailarralde/.m2/repository/com/fasterxml/woodstox/woodstox-core/5.2.1/woodstox-core-5.2.1.jar:/home/ibailarralde/.m2/repository/com/fasterxml/jackson/module/jackson-module-parameter-names/2.10.1/jackson-module-parameter-names-2.10.1.jar:/home/ibailarralde/.m2/repository/com/fasterxml/jackson/datatype/jackson-datatype-jdk8/2.10.1/jackson-datatype-jdk8-2.10.1.jar:/home/ibailarralde/.m2/repository/com/fasterxml/jackson/datatype/jackson-datatype-jsr310/2.10.1/jackson-datatype-jsr310-2.10.1.jar:/home/ibailarralde/.m2/repository/net/sf/ehcache/ehcache-core/2.6.11/ehcache-core-2.6.11.jar:/home/ibailarralde/.m2/repository/org/apache/commons/commons-lang3/3.9/commons-lang3-3.9.jar:/home/ibailarralde/Desktop/sakai/kernel/component-manager/target/sakai-component-manager-20.0.jar:/home/ibailarralde/Desktop/sakai/kernel/api/target/sakai-kernel-api-20.0.jar:/home/ibailarralde/.m2/repository/org/slf4j/slf4j-api/1.7.30/slf4j-api-1.7.30.jar:/home/ibailarralde/.m2/repository/org/slf4j/slf4j-log4j12/1.7.30/slf4j-log4j12-1.7.30.jar:/home/ibailarralde/.m2/repository/org/slf4j/jcl-over-slf4j/1.7.30/jcl-over-slf4j-1.7.30.jar:/home/ibailarralde/.m2/repository/log4j/log4j/1.2.17/log4j-1.2.17.jar:/home/ibailarralde/.m2/repository/org/projectlombok/lombok/1.18.10/lombok-1.18.10.jar:/home/ibailarralde/.m2/repository/junit/junit/4.12/junit-4.12.jar:/home/ibailarralde/.m2/repository/org/hamcrest/hamcrest-core/1.3/hamcrest-core-1.3.jar:"/>
    <property name="java.vm.vendor" value="Private Build"/>
    <property name="sun.arch.data.model" value="64"/>
    <property name="java.vendor.url" value="http://java.oracle.com/"/>
    <property name="user.timezone" value=""/>
    <property name="java.vm.specification.version" value="1.8"/>
    <property name="os.name" value="Linux"/>
    <property name="user.country" value="US"/>
    <property name="sun.java.launcher" value="SUN_STANDARD"/>
    <property name="sun.boot.library.path" value="/usr/lib/jvm/java-8-openjdk-amd64/jre/lib/amd64"/>
    <property name="sun.java.command" value="/home/ibailarralde/Desktop/sakai/kernel/kernel-private/target/surefire/surefirebooter3692425675224634423.jar /home/ibailarralde/Desktop/sakai/kernel/kernel-private/target/surefire 2024-03-27T19-20-52_639-jvmRun1 surefire2406305271434911845tmp surefire_24693981944519037035tmp"/>
    <property name="surefire.test.class.path" value="/home/ibailarralde/Desktop/sakai/kernel/kernel-private/target/test-classes:/home/ibailarralde/Desktop/sakai/kernel/kernel-private/target/classes:/home/ibailarralde/.m2/repository/org/hibernate/hibernate-core/4.3.11.Final/hibernate-core-4.3.11.Final.jar:/home/ibailarralde/.m2/repository/org/jboss/logging/jboss-logging/3.4.0.Final/jboss-logging-3.4.0.Final.jar:/home/ibailarralde/.m2/repository/org/jboss/logging/jboss-logging-annotations/2.2.0.Final/jboss-logging-annotations-2.2.0.Final.jar:/home/ibailarralde/.m2/repository/org/jboss/spec/javax/transaction/jboss-transaction-api_1.2_spec/1.0.0.Final/jboss-transaction-api_1.2_spec-1.0.0.Final.jar:/home/ibailarralde/.m2/repository/dom4j/dom4j/1.6.1/dom4j-1.6.1.jar:/home/ibailarralde/.m2/repository/xml-apis/xml-apis/1.4.01/xml-apis-1.4.01.jar:/home/ibailarralde/.m2/repository/org/hibernate/common/hibernate-commons-annotations/4.0.5.Final/hibernate-commons-annotations-4.0.5.Final.jar:/home/ibailarralde/.m2/repository/org/hibernate/javax/persistence/hibernate-jpa-2.1-api/1.0.2.Final/hibernate-jpa-2.1-api-1.0.2.Final.jar:/home/ibailarralde/.m2/repository/org/javassist/javassist/3.25.0-GA/javassist-3.25.0-GA.jar:/home/ibailarralde/.m2/repository/antlr/antlr/2.7.7/antlr-2.7.7.jar:/home/ibailarralde/.m2/repository/org/jboss/jandex/2.1.1.Final/jandex-2.1.1.Final.jar:/home/ibailarralde/.m2/repository/org/hibernate/hibernate-entitymanager/4.3.11.Final/hibernate-entitymanager-4.3.11.Final.jar:/home/ibailarralde/.m2/repository/org/hibernate/hibernate-ehcache/4.3.11.Final/hibernate-ehcache-4.3.11.Final.jar:/home/ibailarralde/.m2/repository/org/springframework/spring-core/4.3.25.RELEASE/spring-core-4.3.25.RELEASE.jar:/home/ibailarralde/.m2/repository/commons-logging/commons-logging/1.2/commons-logging-1.2.jar:/home/ibailarralde/.m2/repository/org/springframework/spring-aop/4.3.25.RELEASE/spring-aop-4.3.25.RELEASE.jar:/home/ibailarralde/.m2/repository/org/springframework/spring-beans/4.3.25.RELEASE/spring-beans-4.3.25.RELEASE.jar:/home/ibailarralde/.m2/repository/org/springframework/spring-context/4.3.25.RELEASE/spring-context-4.3.25.RELEASE.jar:/home/ibailarralde/.m2/repository/org/springframework/spring-expression/4.3.25.RELEASE/spring-expression-4.3.25.RELEASE.jar:/home/ibailarralde/.m2/repository/org/springframework/spring-orm/4.3.25.RELEASE/spring-orm-4.3.25.RELEASE.jar:/home/ibailarralde/.m2/repository/org/springframework/spring-jdbc/4.3.25.RELEASE/spring-jdbc-4.3.25.RELEASE.jar:/home/ibailarralde/.m2/repository/org/springframework/spring-tx/4.3.25.RELEASE/spring-tx-4.3.25.RELEASE.jar:/home/ibailarralde/.m2/repository/com/fasterxml/jackson/core/jackson-core/2.10.1/jackson-core-2.10.1.jar:/home/ibailarralde/.m2/repository/com/fasterxml/jackson/core/jackson-databind/2.10.1/jackson-databind-2.10.1.jar:/home/ibailarralde/.m2/repository/com/fasterxml/jackson/core/jackson-annotations/2.10.1/jackson-annotations-2.10.1.jar:/home/ibailarralde/.m2/repository/com/fasterxml/jackson/dataformat/jackson-dataformat-xml/2.10.1/jackson-dataformat-xml-2.10.1.jar:/home/ibailarralde/.m2/repository/com/fasterxml/jackson/module/jackson-module-jaxb-annotations/2.10.1/jackson-module-jaxb-annotations-2.10.1.jar:/home/ibailarralde/.m2/repository/jakarta/xml/bind/jakarta.xml.bind-api/2.3.2/jakarta.xml.bind-api-2.3.2.jar:/home/ibailarralde/.m2/repository/jakarta/activation/jakarta.activation-api/1.2.1/jakarta.activation-api-1.2.1.jar:/home/ibailarralde/.m2/repository/org/codehaus/woodstox/stax2-api/4.2/stax2-api-4.2.jar:/home/ibailarralde/.m2/repository/com/fasterxml/woodstox/woodstox-core/5.2.1/woodstox-core-5.2.1.jar:/home/ibailarralde/.m2/repository/com/fasterxml/jackson/module/jackson-module-parameter-names/2.10.1/jackson-module-parameter-names-2.10.1.jar:/home/ibailarralde/.m2/repository/com/fasterxml/jackson/datatype/jackson-datatype-jdk8/2.10.1/jackson-datatype-jdk8-2.10.1.jar:/home/ibailarralde/.m2/repository/com/fasterxml/jackson/datatype/jackson-datatype-jsr310/2.10.1/jackson-datatype-jsr310-2.10.1.jar:/home/ibailarralde/.m2/repository/net/sf/ehcache/ehcache-core/2.6.11/ehcache-core-2.6.11.jar:/home/ibailarralde/.m2/repository/org/apache/commons/commons-lang3/3.9/commons-lang3-3.9.jar:/home/ibailarralde/Desktop/sakai/kernel/component-manager/target/sakai-component-manager-20.0.jar:/home/ibailarralde/Desktop/sakai/kernel/api/target/sakai-kernel-api-20.0.jar:/home/ibailarralde/.m2/repository/org/slf4j/slf4j-api/1.7.30/slf4j-api-1.7.30.jar:/home/ibailarralde/.m2/repository/org/slf4j/slf4j-log4j12/1.7.30/slf4j-log4j12-1.7.30.jar:/home/ibailarralde/.m2/repository/org/slf4j/jcl-over-slf4j/1.7.30/jcl-over-slf4j-1.7.30.jar:/home/ibailarralde/.m2/repository/log4j/log4j/1.2.17/log4j-1.2.17.jar:/home/ibailarralde/.m2/repository/org/projectlombok/lombok/1.18.10/lombok-1.18.10.jar:/home/ibailarralde/.m2/repository/junit/junit/4.12/junit-4.12.jar:/home/ibailarralde/.m2/repository/org/hamcrest/hamcrest-core/1.3/hamcrest-core-1.3.jar:"/>
    <property name="sun.cpu.endian" value="little"/>
    <property name="user.home" value="/home/ibailarralde"/>
    <property name="user.language" value="en"/>
    <property name="java.specification.vendor" value="Oracle Corporation"/>
    <property name="java.home" value="/usr/lib/jvm/java-8-openjdk-amd64/jre"/>
    <property name="basedir" value="/home/ibailarralde/Desktop/sakai/kernel/kernel-private"/>
    <property name="file.separator" value="/"/>
    <property name="line.separator" value="&#10;"/>
    <property name="java.vm.specification.vendor" value="Oracle Corporation"/>
    <property name="java.specification.name" value="Java Platform API Specification"/>
    <property name="java.awt.graphicsenv" value="sun.awt.X11GraphicsEnvironment"/>
    <property name="java.awt.headless" value="true"/>
    <property name="lombok.disable" value="true"/>
    <property name="surefire.real.class.path" value="/home/ibailarralde/Desktop/sakai/kernel/kernel-private/target/surefire/surefirebooter3692425675224634423.jar"/>
    <property name="sun.boot.class.path" value="/usr/lib/jvm/java-8-openjdk-amd64/jre/lib/resources.jar:/usr/lib/jvm/java-8-openjdk-amd64/jre/lib/rt.jar:/usr/lib/jvm/java-8-openjdk-amd64/jre/lib/sunrsasign.jar:/usr/lib/jvm/java-8-openjdk-amd64/jre/lib/jsse.jar:/usr/lib/jvm/java-8-openjdk-amd64/jre/lib/jce.jar:/usr/lib/jvm/java-8-openjdk-amd64/jre/lib/charsets.jar:/usr/lib/jvm/java-8-openjdk-amd64/jre/lib/jfr.jar:/usr/lib/jvm/java-8-openjdk-amd64/jre/classes"/>
    <property name="sakai.home" value="/opt/tomcat/"/>
    <property name="sun.management.compiler" value="HotSpot 64-Bit Tiered Compilers"/>
    <property name="java.runtime.version" value="1.8.0_402-8u402-ga-2ubuntu1~20.04-b06"/>
    <property name="java.net.preferIPv4Stack" value="true"/>
    <property name="user.name" value="ibailarralde"/>
    <property name="path.separator" value=":"/>
    <property name="java.security.egd" value="file:/dev/./urandom"/>
    <property name="test.sakai.home" value=""/>
    <property name="os.version" value="5.4.0-164-generic"/>
    <property name="java.endorsed.dirs" value="/usr/lib/jvm/java-8-openjdk-amd64/jre/lib/endorsed"/>
    <property name="java.runtime.name" value="OpenJDK Runtime Environment"/>
    <property name="file.encoding" value="UTF-8"/>
    <property name="java.vm.name" value="OpenJDK 64-Bit Server VM"/>
    <property name="localRepository" value="/home/ibailarralde/.m2/repository"/>
    <property name="java.vendor.url.bug" value="http://bugreport.sun.com/bugreport/"/>
    <property name="java.io.tmpdir" value="/tmp"/>
    <property name="java.version" value="1.8.0_402"/>
    <property name="user.dir" value="/home/ibailarralde/Desktop/sakai/kernel/kernel-private"/>
    <property name="os.arch" value="amd64"/>
    <property name="java.vm.specification.name" value="Java Virtual Machine Specification"/>
    <property name="maven.tomcat.home" value="/opt/tomcat/"/>
    <property name="java.awt.printerjob" value="sun.print.PSPrinterJob"/>
    <property name="sun.os.patch.level" value="unknown"/>
    <property name="java.library.path" value="/usr/java/packages/lib/amd64:/usr/lib/x86_64-linux-gnu/jni:/lib/x86_64-linux-gnu:/usr/lib/x86_64-linux-gnu:/usr/lib/jni:/lib:/usr/lib"/>
    <property name="java.vm.info" value="mixed mode"/>
    <property name="java.vendor" value="Private Build"/>
    <property name="java.vm.version" value="25.402-b06"/>
    <property name="java.specification.maintenance.version" value="5"/>
    <property name="java.ext.dirs" value="/usr/lib/jvm/java-8-openjdk-amd64/jre/lib/ext:/usr/java/packages/lib/ext"/>
    <property name="sun.io.unicode.encoding" value="UnicodeLittle"/>
    <property name="java.class.version" value="52.0"/>
  </properties>
  <testcase name="criterionInRestrictionSplitter" classname="org.sakaiproject.hibernate.HibernateCriterionUtilsTest" time="0.001"/>
</testsuite>