<?xml version="1.0" encoding="UTF-8"?>
<testsuite xmlns:xsi="http://www.w3.org/2001/XMLSchema-instance" xsi:noNamespaceSchemaLocation="https://maven.apache.org/surefire/maven-surefire-plugin/xsd/surefire-test-report-3.0.xsd" version="3.0" name="org.sakaiproject.util.ToolListenerTest" time="0.32" tests="9" errors="0" skipped="0" failures="0">
  <properties>
    <property name="awt.toolkit" value="sun.awt.X11.XToolkit"/>
    <property name="java.specification.version" value="1.8"/>
    <property name="file.encoding.pkg" value="sun.io"/>
    <property name="sun.cpu.isalist" value=""/>
    <property name="sun.jnu.encoding" value="UTF-8"/>
    <property name="java.class.path" value="/home/ibailarralde/Desktop/sakai/kernel/api/target/test-classes:/home/ibailarralde/Desktop/sakai/kernel/api/target/classes:/home/ibailarralde/.m2/repository/javax/servlet/javax.servlet-api/4.0.1/javax.servlet-api-4.0.1.jar:/home/ibailarralde/.m2/repository/commons-fileupload/commons-fileupload/1.4/commons-fileupload-1.4.jar:/home/ibailarralde/.m2/repository/commons-io/commons-io/2.6/commons-io-2.6.jar:/home/ibailarralde/.m2/repository/org/apache/commons/commons-collections4/4.4/commons-collections4-4.4.jar:/home/ibailarralde/.m2/repository/commons-codec/commons-codec/1.14/commons-codec-1.14.jar:/home/ibailarralde/.m2/repository/commons-dbcp/commons-dbcp/1.4/commons-dbcp-1.4.jar:/home/ibailarralde/.m2/repository/commons-pool/commons-pool/1.6/commons-pool-1.6.jar:/home/ibailarralde/.m2/repository/org/apache/tomcat/tomcat-jdbc/9.0.33/tomcat-jdbc-9.0.33.jar:/home/ibailarralde/.m2/repository/org/apache/tomcat/tomcat-juli/9.0.33/tomcat-juli-9.0.33.jar:/home/ibailarralde/.m2/repository/com/zaxxer/HikariCP/3.4.2/HikariCP-3.4.2.jar:/home/ibailarralde/.m2/repository/com/sun/mail/jakarta.mail/1.6.4/jakarta.mail-1.6.4.jar:/home/ibailarralde/.m2/repository/com/sun/activation/jakarta.activation/1.2.1/jakarta.activation-1.2.1.jar:/home/ibailarralde/Desktop/sakai/kernel/component-manager/target/sakai-component-manager-20.0.jar:/home/ibailarralde/.m2/repository/org/springframework/spring-core/4.3.25.RELEASE/spring-core-4.3.25.RELEASE.jar:/home/ibailarralde/.m2/repository/commons-logging/commons-logging/1.2/commons-logging-1.2.jar:/home/ibailarralde/.m2/repository/org/springframework/spring-web/4.3.25.RELEASE/spring-web-4.3.25.RELEASE.jar:/home/ibailarralde/.m2/repository/org/springframework/spring-aop/4.3.25.RELEASE/spring-aop-4.3.25.RELEASE.jar:/home/ibailarralde/.m2/repository/org/springframework/spring-beans/4.3.25.RELEASE/spring-beans-4.3.25.RELEASE.jar:/home/ibailarralde/.m2/repository/org/springframework/spring-context/4.3.25.RELEASE/spring-context-4.3.25.RELEASE.jar:/home/ibailarralde/.m2/repository/org/springframework/spring-expression/4.3.25.RELEASE/spring-expression-4.3.25.RELEASE.jar:/home/ibailarralde/.m2/repository/org/hibernate/hibernate-core/4.3.11.Final/hibernate-core-4.3.11.Final.jar:/home/ibailarralde/.m2/repository/org/jboss/logging/jboss-logging/3.4.0.Final/jboss-logging-3.4.0.Final.jar:/home/ibailarralde/.m2/repository/org/jboss/logging/jboss-logging-annotations/2.2.0.Final/jboss-logging-annotations-2.2.0.Final.jar:/home/ibailarralde/.m2/repository/org/jboss/spec/javax/transaction/jboss-transaction-api_1.2_spec/1.0.0.Final/jboss-transaction-api_1.2_spec-1.0.0.Final.jar:/home/ibailarralde/.m2/repository/dom4j/dom4j/1.6.1/dom4j-1.6.1.jar:/home/ibailarralde/.m2/repository/xml-apis/xml-apis/1.4.01/xml-apis-1.4.01.jar:/home/ibailarralde/.m2/repository/org/hibernate/common/hibernate-commons-annotations/4.0.5.Final/hibernate-commons-annotations-4.0.5.Final.jar:/home/ibailarralde/.m2/repository/org/hibernate/javax/persistence/hibernate-jpa-2.1-api/1.0.2.Final/hibernate-jpa-2.1-api-1.0.2.Final.jar:/home/ibailarralde/.m2/repository/org/javassist/javassist/3.25.0-GA/javassist-3.25.0-GA.jar:/home/ibailarralde/.m2/repository/antlr/antlr/2.7.7/antlr-2.7.7.jar:/home/ibailarralde/.m2/repository/org/jboss/jandex/2.1.1.Final/jandex-2.1.1.Final.jar:/home/ibailarralde/.m2/repository/org/mockito/mockito-core/2.28.2/mockito-core-2.28.2.jar:/home/ibailarralde/.m2/repository/net/bytebuddy/byte-buddy/1.9.10/byte-buddy-1.9.10.jar:/home/ibailarralde/.m2/repository/net/bytebuddy/byte-buddy-agent/1.9.10/byte-buddy-agent-1.9.10.jar:/home/ibailarralde/.m2/repository/org/objenesis/objenesis/2.6/objenesis-2.6.jar:/home/ibailarralde/.m2/repository/org/powermock/powermock-module-junit4/2.0.2/powermock-module-junit4-2.0.2.jar:/home/ibailarralde/.m2/repository/org/powermock/powermock-module-junit4-common/2.0.2/powermock-module-junit4-common-2.0.2.jar:/home/ibailarralde/.m2/repository/org/powermock/powermock-reflect/2.0.2/powermock-reflect-2.0.2.jar:/home/ibailarralde/.m2/repository/org/powermock/powermock-core/2.0.2/powermock-core-2.0.2.jar:/home/ibailarralde/.m2/repository/org/hamcrest/hamcrest-core/1.3/hamcrest-core-1.3.jar:/home/ibailarralde/.m2/repository/org/powermock/powermock-api-mockito2/2.0.2/powermock-api-mockito2-2.0.2.jar:/home/ibailarralde/.m2/repository/org/powermock/powermock-api-support/2.0.2/powermock-api-support-2.0.2.jar:/home/ibailarralde/.m2/repository/org/apache/commons/commons-lang3/3.9/commons-lang3-3.9.jar:/home/ibailarralde/.m2/repository/org/slf4j/slf4j-api/1.7.30/slf4j-api-1.7.30.jar:/home/ibailarralde/.m2/repository/org/slf4j/slf4j-log4j12/1.7.30/slf4j-log4j12-1.7.30.jar:/home/ibailarralde/.m2/repository/org/slf4j/jcl-over-slf4j/1.7.30/jcl-over-slf4j-1.7.30.jar:/home/ibailarralde/.m2/repository/log4j/log4j/1.2.17/log4j-1.2.17.jar:/home/ibailarralde/.m2/repository/org/projectlombok/lombok/1.18.10/lombok-1.18.10.jar:/home/ibailarralde/.m2/repository/junit/junit/4.12/junit-4.12.jar:"/>
    <property name="sakai.serverId" value="server1"/>
    <property name="java.vm.vendor" value="Private Build"/>
    <property name="sun.arch.data.model" value="64"/>
    <property name="java.vendor.url" value="http://java.oracle.com/"/>
    <property name="user.timezone" value="Europe/Madrid"/>
    <property name="java.vm.specification.version" value="1.8"/>
    <property name="os.name" value="Linux"/>
    <property name="user.country" value="US"/>
    <property name="sun.java.launcher" value="SUN_STANDARD"/>
    <property name="sun.boot.library.path" value="/usr/lib/jvm/java-8-openjdk-amd64/jre/lib/amd64"/>
    <property name="sun.java.command" value="/home/ibailarralde/Desktop/sakai/kernel/api/target/surefire/surefirebooter3252349141785935549.jar /home/ibailarralde/Desktop/sakai/kernel/api/target/surefire 2024-03-27T19-20-52_639-jvmRun1 surefire1799388519117530567tmp surefire_175470300724783288tmp"/>
    <property name="surefire.test.class.path" value="/home/ibailarralde/Desktop/sakai/kernel/api/target/test-classes:/home/ibailarralde/Desktop/sakai/kernel/api/target/classes:/home/ibailarralde/.m2/repository/javax/servlet/javax.servlet-api/4.0.1/javax.servlet-api-4.0.1.jar:/home/ibailarralde/.m2/repository/commons-fileupload/commons-fileupload/1.4/commons-fileupload-1.4.jar:/home/ibailarralde/.m2/repository/commons-io/commons-io/2.6/commons-io-2.6.jar:/home/ibailarralde/.m2/repository/org/apache/commons/commons-collections4/4.4/commons-collections4-4.4.jar:/home/ibailarralde/.m2/repository/commons-codec/commons-codec/1.14/commons-codec-1.14.jar:/home/ibailarralde/.m2/repository/commons-dbcp/commons-dbcp/1.4/commons-dbcp-1.4.jar:/home/ibailarralde/.m2/repository/commons-pool/commons-pool/1.6/commons-pool-1.6.jar:/home/ibailarralde/.m2/repository/org/apache/tomcat/tomcat-jdbc/9.0.33/tomcat-jdbc-9.0.33.jar:/home/ibailarralde/.m2/repository/org/apache/tomcat/tomcat-juli/9.0.33/tomcat-juli-9.0.33.jar:/home/ibailarralde/.m2/repository/com/zaxxer/HikariCP/3.4.2/HikariCP-3.4.2.jar:/home/ibailarralde/.m2/repository/com/sun/mail/jakarta.mail/1.6.4/jakarta.mail-1.6.4.jar:/home/ibailarralde/.m2/repository/com/sun/activation/jakarta.activation/1.2.1/jakarta.activation-1.2.1.jar:/home/ibailarralde/Desktop/sakai/kernel/component-manager/target/sakai-component-manager-20.0.jar:/home/ibailarralde/.m2/repository/org/springframework/spring-core/4.3.25.RELEASE/spring-core-4.3.25.RELEASE.jar:/home/ibailarralde/.m2/repository/commons-logging/commons-logging/1.2/commons-logging-1.2.jar:/home/ibailarralde/.m2/repository/org/springframework/spring-web/4.3.25.RELEASE/spring-web-4.3.25.RELEASE.jar:/home/ibailarralde/.m2/repository/org/springframework/spring-aop/4.3.25.RELEASE/spring-aop-4.3.25.RELEASE.jar:/home/ibailarralde/.m2/repository/org/springframework/spring-beans/4.3.25.RELEASE/spring-beans-4.3.25.RELEASE.jar:/home/ibailarralde/.m2/repository/org/springframework/spring-context/4.3.25.RELEASE/spring-context-4.3.25.RELEASE.jar:/home/ibailarralde/.m2/repository/org/springframework/spring-expression/4.3.25.RELEASE/spring-expression-4.3.25.RELEASE.jar:/home/ibailarralde/.m2/repository/org/hibernate/hibernate-core/4.3.11.Final/hibernate-core-4.3.11.Final.jar:/home/ibailarralde/.m2/repository/org/jboss/logging/jboss-logging/3.4.0.Final/jboss-logging-3.4.0.Final.jar:/home/ibailarralde/.m2/repository/org/jboss/logging/jboss-logging-annotations/2.2.0.Final/jboss-logging-annotations-2.2.0.Final.jar:/home/ibailarralde/.m2/repository/org/jboss/spec/javax/transaction/jboss-transaction-api_1.2_spec/1.0.0.Final/jboss-transaction-api_1.2_spec-1.0.0.Final.jar:/home/ibailarralde/.m2/repository/dom4j/dom4j/1.6.1/dom4j-1.6.1.jar:/home/ibailarralde/.m2/repository/xml-apis/xml-apis/1.4.01/xml-apis-1.4.01.jar:/home/ibailarralde/.m2/repository/org/hibernate/common/hibernate-commons-annotations/4.0.5.Final/hibernate-commons-annotations-4.0.5.Final.jar:/home/ibailarralde/.m2/repository/org/hibernate/javax/persistence/hibernate-jpa-2.1-api/1.0.2.Final/hibernate-jpa-2.1-api-1.0.2.Final.jar:/home/ibailarralde/.m2/repository/org/javassist/javassist/3.25.0-GA/javassist-3.25.0-GA.jar:/home/ibailarralde/.m2/repository/antlr/antlr/2.7.7/antlr-2.7.7.jar:/home/ibailarralde/.m2/repository/org/jboss/jandex/2.1.1.Final/jandex-2.1.1.Final.jar:/home/ibailarralde/.m2/repository/org/mockito/mockito-core/2.28.2/mockito-core-2.28.2.jar:/home/ibailarralde/.m2/repository/net/bytebuddy/byte-buddy/1.9.10/byte-buddy-1.9.10.jar:/home/ibailarralde/.m2/repository/net/bytebuddy/byte-buddy-agent/1.9.10/byte-buddy-agent-1.9.10.jar:/home/ibailarralde/.m2/repository/org/objenesis/objenesis/2.6/objenesis-2.6.jar:/home/ibailarralde/.m2/repository/org/powermock/powermock-module-junit4/2.0.2/powermock-module-junit4-2.0.2.jar:/home/ibailarralde/.m2/repository/org/powermock/powermock-module-junit4-common/2.0.2/powermock-module-junit4-common-2.0.2.jar:/home/ibailarralde/.m2/repository/org/powermock/powermock-reflect/2.0.2/powermock-reflect-2.0.2.jar:/home/ibailarralde/.m2/repository/org/powermock/powermock-core/2.0.2/powermock-core-2.0.2.jar:/home/ibailarralde/.m2/repository/org/hamcrest/hamcrest-core/1.3/hamcrest-core-1.3.jar:/home/ibailarralde/.m2/repository/org/powermock/powermock-api-mockito2/2.0.2/powermock-api-mockito2-2.0.2.jar:/home/ibailarralde/.m2/repository/org/powermock/powermock-api-support/2.0.2/powermock-api-support-2.0.2.jar:/home/ibailarralde/.m2/repository/org/apache/commons/commons-lang3/3.9/commons-lang3-3.9.jar:/home/ibailarralde/.m2/repository/org/slf4j/slf4j-api/1.7.30/slf4j-api-1.7.30.jar:/home/ibailarralde/.m2/repository/org/slf4j/slf4j-log4j12/1.7.30/slf4j-log4j12-1.7.30.jar:/home/ibailarralde/.m2/repository/org/slf4j/jcl-over-slf4j/1.7.30/jcl-over-slf4j-1.7.30.jar:/home/ibailarralde/.m2/repository/log4j/log4j/1.2.17/log4j-1.2.17.jar:/home/ibailarralde/.m2/repository/org/projectlombok/lombok/1.18.10/lombok-1.18.10.jar:/home/ibailarralde/.m2/repository/junit/junit/4.12/junit-4.12.jar:"/>
    <property name="sun.cpu.endian" value="little"/>
    <property name="user.home" value="/home/ibailarralde"/>
    <property name="user.language" value="en"/>
    <property name="java.specification.vendor" value="Oracle Corporation"/>
    <property name="java.home" value="/usr/lib/jvm/java-8-openjdk-amd64/jre"/>
    <property name="basedir" value="/home/ibailarralde/Desktop/sakai/kernel/api"/>
    <property name="file.separator" value="/"/>
    <property name="line.separator" value="&#10;"/>
    <property name="java.vm.specification.vendor" value="Oracle Corporation"/>
    <property name="java.specification.name" value="Java Platform API Specification"/>
    <property name="java.awt.graphicsenv" value="sun.awt.X11GraphicsEnvironment"/>
    <property name="java.awt.headless" value="true"/>
    <property name="lombok.disable" value="true"/>
    <property name="surefire.real.class.path" value="/home/ibailarralde/Desktop/sakai/kernel/api/target/surefire/surefirebooter3252349141785935549.jar"/>
    <property name="sun.boot.class.path" value="/usr/lib/jvm/java-8-openjdk-amd64/jre/lib/resources.jar:/usr/lib/jvm/java-8-openjdk-amd64/jre/lib/rt.jar:/usr/lib/jvm/java-8-openjdk-amd64/jre/lib/sunrsasign.jar:/usr/lib/jvm/java-8-openjdk-amd64/jre/lib/jsse.jar:/usr/lib/jvm/java-8-openjdk-amd64/jre/lib/jce.jar:/usr/lib/jvm/java-8-openjdk-amd64/jre/lib/charsets.jar:/usr/lib/jvm/java-8-openjdk-amd64/jre/lib/jfr.jar:/usr/lib/jvm/java-8-openjdk-amd64/jre/classes"/>
    <property name="sakai.home" value="/opt/tomcat/"/>
    <property name="sun.management.compiler" value="HotSpot 64-Bit Tiered Compilers"/>
    <property name="java.runtime.version" value="1.8.0_402-8u402-ga-2ubuntu1~20.04-b06"/>
    <property name="java.net.preferIPv4Stack" value="true"/>
    <property name="user.name" value="ibailarralde"/>
    <property name="path.separator" value=":"/>
    <property name="java.security.egd" value="file:/dev/./urandom"/>
    <property name="test.sakai.home" value=""/>
    <property name="os.version" value="5.4.0-164-generic"/>
    <property name="java.endorsed.dirs" value="/usr/lib/jvm/java-8-openjdk-amd64/jre/lib/endorsed"/>
    <property name="java.runtime.name" value="OpenJDK Runtime Environment"/>
    <property name="file.encoding" value="UTF-8"/>
    <property name="java.vm.name" value="OpenJDK 64-Bit Server VM"/>
    <property name="localRepository" value="/home/ibailarralde/.m2/repository"/>
    <property name="java.vendor.url.bug" value="http://bugreport.sun.com/bugreport/"/>
    <property name="java.io.tmpdir" value="/tmp"/>
    <property name="java.version" value="1.8.0_402"/>
    <property name="user.dir" value="/home/ibailarralde/Desktop/sakai/kernel/api"/>
    <property name="os.arch" value="amd64"/>
    <property name="java.vm.specification.name" value="Java Virtual Machine Specification"/>
    <property name="maven.tomcat.home" value="/opt/tomcat/"/>
    <property name="java.awt.printerjob" value="sun.print.PSPrinterJob"/>
    <property name="sun.os.patch.level" value="unknown"/>
    <property name="java.library.path" value="/usr/java/packages/lib/amd64:/usr/lib/x86_64-linux-gnu/jni:/lib/x86_64-linux-gnu:/usr/lib/x86_64-linux-gnu:/usr/lib/jni:/lib:/usr/lib"/>
    <property name="java.vm.info" value="mixed mode"/>
    <property name="java.vendor" value="Private Build"/>
    <property name="java.vm.version" value="25.402-b06"/>
    <property name="java.specification.maintenance.version" value="5"/>
    <property name="java.ext.dirs" value="/usr/lib/jvm/java-8-openjdk-amd64/jre/lib/ext:/usr/java/packages/lib/ext"/>
    <property name="sun.io.unicode.encoding" value="UnicodeLittle"/>
    <property name="java.class.version" value="52.0"/>
  </properties>
  <testcase name="testMessageBundleWebInf" classname="org.sakaiproject.util.ToolListenerTest" time="0.275"/>
  <testcase name="testWebInfRegistration" classname="org.sakaiproject.util.ToolListenerTest" time="0.019"/>
  <testcase name="testToolOverride" classname="org.sakaiproject.util.ToolListenerTest" time="0.003"/>
  <testcase name="testNoRegistration" classname="org.sakaiproject.util.ToolListenerTest" time="0.003"/>
  <testcase name="testToolsRegistration" classname="org.sakaiproject.util.ToolListenerTest" time="0.001"/>
  <testcase name="testMessageBundle" classname="org.sakaiproject.util.ToolListenerTest" time="0.003"/>
  <testcase name="testIgnoreFiles" classname="org.sakaiproject.util.ToolListenerTest" time="0.001"/>
  <testcase name="testMultipleRegistrations" classname="org.sakaiproject.util.ToolListenerTest" time="0.002"/>
  <testcase name="testCustomLocation" classname="org.sakaiproject.util.ToolListenerTest" time="0.001"/>
</testsuite>